PLINK v1.90b7.2 64-bit (11 Dec 2023)
Options in effect:
  --bfile /faststorage/project/dsmwpred/data/ukbb/geno
  --extract small_chunks/chucks_1_marker_her_0.1_ind50000/genome_regions_map/genome_sample_29
  --keep rand50000.fam
  --make-bed
  --out small_chunks/chucks_1_marker_her_0.1_ind50000/genome_regions/genome_sample_29
  --range

Hostname: fe-open-02
Working directory: /faststorage/project/dsmwpred/patrick/Patrick_Aarhus/Aarhus-Visit/fine_mapping_simulation
Start time: Fri Apr 26 13:03:30 2024

Note: --range flag deprecated.  Use e.g. "--extract range <filename>".
Random number seed: 1714129410
515426 MB RAM detected; reserving 257713 MB for main workspace.
Allocated 144963 MB successfully, after larger attempt(s) failed.
628694 variants loaded from .bim file.
392214 people (180120 males, 212094 females) loaded from .fam.
--extract range: 628218 variants excluded.
--extract range: 476 variants remaining.
--keep: 50000 people remaining.
Using 1 thread (no multithreaded calculations invoked).
Before main variant filters, 50000 founders and 0 nonfounders present.
Calculating allele frequencies... done.
Total genotyping rate in remaining samples is 0.999429.
476 variants and 50000 people pass filters and QC.
Note: No phenotypes present.
--make-bed to
small_chunks/chucks_1_marker_her_0.1_ind50000/genome_regions/genome_sample_29.bed
+
small_chunks/chucks_1_marker_her_0.1_ind50000/genome_regions/genome_sample_29.bim
+
small_chunks/chucks_1_marker_her_0.1_ind50000/genome_regions/genome_sample_29.fam
... done.

End time: Fri Apr 26 13:03:31 2024
