PLINK v1.90b7.2 64-bit (11 Dec 2023)
Options in effect:
  --bfile /faststorage/project/dsmwpred/data/ukbb/geno
  --extract small_chunks_current/genome_sample/sample_14
  --keep small_chunks_current/rand50000_included.fam
  --make-bed
  --out small_chunks_current/genome_binary/sample_14
  --range

Hostname: s21n54
Working directory: /faststorage/project/dsmwpred/patrick/Patrick_Aarhus/Aarhus-Visit/fine_mapping_simulation
Start time: Wed May 15 18:47:49 2024

Note: --range flag deprecated.  Use e.g. "--extract range <filename>".
Random number seed: 1715791669
515426 MB RAM detected; reserving 257713 MB for main workspace.
628694 variants loaded from .bim file.
392214 people (180120 males, 212094 females) loaded from .fam.
--extract range: 628231 variants excluded.
--extract range: 463 variants remaining.
--keep: 50000 people remaining.
Using 1 thread (no multithreaded calculations invoked).
Before main variant filters, 50000 founders and 0 nonfounders present.
Calculating allele frequencies... done.
Total genotyping rate in remaining samples is 0.999083.
463 variants and 50000 people pass filters and QC.
Note: No phenotypes present.
--make-bed to small_chunks_current/genome_binary/sample_14.bed +
small_chunks_current/genome_binary/sample_14.bim +
small_chunks_current/genome_binary/sample_14.fam ... done.

End time: Wed May 15 18:47:51 2024
