finemap_cheat_casual
[5.29643e-09 1.00000e+00 1.00000e+00 2.90814e-01 8.42505e-01 9.98711e-01
 7.61798e-03 8.78109e-01 9.99999e-01 6.90136e-02 1.00000e+00 2.91637e-01
 9.96554e-01 9.02680e-01 1.00000e+00 9.99779e-01 1.00000e+00 2.72273e-01
 9.99991e-01 8.72610e-01]
susie_cheat_casusal
[5.38391742e-09 1.00000000e+00 1.00000000e+00 2.90338153e-01
 0.00000000e+00 9.98566850e-01 0.00000000e+00 8.76018936e-01
 9.99999053e-01 7.20712014e-02 1.00000000e+00 2.12602798e-01
 9.96425721e-01 8.75435569e-01 1.00000000e+00 9.99762826e-01
 1.00000000e+00 1.12226302e-01 9.99990584e-01 8.70879705e-01]
bolt_no_cheat
[0.9999912  1.         1.         1.         0.6044095  0.9986065
 0.00172243 0.9999999  0.9994748  0.00251612 1.         0.06646015
 0.00402795 0.3552109  1.         0.00179409 1.         0.0558474
 1.         1.        ]
bolt_cheat
[1.192411e-04 1.000000e+00 1.000000e+00 1.000000e+00 1.918744e-01
 9.999899e-01 1.552767e-04 1.000000e+00 9.999955e-01 8.732229e-03
 1.000000e+00 6.740417e-02 1.126773e-04 6.661716e-01 1.000000e+00
 1.035943e-04 1.000000e+00 2.598522e-02 1.000000e+00 6.712882e-04]
finemap
[0.00000e+00 1.00000e+00 1.00000e+00 2.94981e-01 9.99999e-01 1.00000e+00
 2.64513e-12 9.81120e-01 1.00000e+00 1.00000e+00 1.00000e+00 1.00000e+00
 9.99814e-01 1.00000e+00 1.00000e+00 9.99938e-01 1.00000e+00 9.84249e-01
 1.00000e+00 9.57778e-05]
susieR
[0.00666117 1.         1.         0.3008654  0.         1.
 0.         0.97723368 1.         1.         1.         1.
 0.99962066 1.         1.         0.99993835 1.         0.99999898
 1.         0.00641499]
small_chunks_current/combined_sims/combined_her_0.1_ind50000_casual_1/models
bayesr_default
9483
20
0.002882256
[0.9999976  1.         1.         1.         0.8731083  0.9999507
 0.00867769 1.         0.9999961  0.0326378  1.         0.1609472
 0.00542176 0.9816641  1.         0.00211863 1.         0.398309
 1.         1.        ]
bolt_no_cheat
9483
20
4.026547e-05
[1.000000e+00 1.000000e+00 1.000000e+00 1.000000e+00 5.815025e-02
 9.752444e-01 1.237559e-04 9.999986e-01 9.965655e-01 4.285473e-03
 1.000000e+00 2.891244e-03 1.169496e-04 8.886317e-02 1.000000e+00
 1.749469e-04 1.000000e+00 8.126625e-03 1.000000e+00 1.610700e-02]
