bolt_no_cheat
[1.         1.         1.         1.         0.8914857  0.9999943
 0.00115484 0.9999405  0.924237   0.02773887 1.         0.2393056
 0.02315157 0.49467    0.9988863  1.         1.         0.05444705
 1.         0.9999784 ]
bolt_anti_cheat
[1.736331e-03 1.000000e+00 1.000000e+00 5.034427e-04 9.618715e-01
 1.000000e+00 1.407618e-03 9.999992e-01 9.991591e-01 3.227495e-02
 1.000000e+00 8.516245e-01 8.456804e-03 9.858355e-01 9.998784e-01
 1.000000e+00 1.000000e+00 2.398922e-01 1.000000e+00 9.999999e-01]
susieR
[0.00852833 1.         1.         0.32860077 1.         1.
 0.         0.75956022 1.         0.         1.         1.
 0.99109476 1.         0.9999973  0.9999926  1.         1.
 1.         0.99998241]
bolt_cheat_casual
[1.         1.         1.         1.         0.8914857  0.9999943
 0.00133354 0.9999973  0.924237   0.02773887 1.         0.4089281
 0.02315157 0.49467    0.9988863  1.         1.         0.05444705
 1.         0.9999784 ]
bolt_no_cheat_uniform
[1.         1.         1.         1.         0.9025557  0.9999991
 0.00121012 0.9999451  0.9757279  0.03352077 1.         0.3226661
 0.01459916 0.5785917  0.9988944  1.         1.         0.05553578
 1.         0.9999889 ]
finemap
[3.46050e-08 1.00000e+00 1.00000e+00 3.18363e-01 9.99999e-01 1.00000e+00
 3.61516e-11 7.71783e-01 1.00000e+00 9.99208e-01 1.00000e+00 1.00000e+00
 9.93980e-01 1.00000e+00 9.99776e-01 9.99991e-01 1.00000e+00 9.95903e-01
 1.00000e+00 9.99883e-01]
finemap_cheat_casual
[1.11714e-06 1.00000e+00 1.00000e+00 3.16873e-01 9.66854e-01 9.99979e-01
 7.96929e-04 6.24268e-01 9.98323e-01 2.44259e-02 1.00000e+00 7.39748e-01
 9.60266e-01 9.69138e-01 9.99624e-01 9.99980e-01 1.00000e+00 2.34404e-01
 1.00000e+00 9.99857e-01]
bolt_cheat
[2.837850e-04 1.000000e+00 1.000000e+00 7.894670e-05 7.956006e-01
 1.000000e+00 2.211025e-04 9.999948e-01 9.941079e-01 5.176634e-03
 1.000000e+00 4.734296e-01 1.248475e-03 9.119544e-01 9.990319e-01
 1.000000e+00 1.000000e+00 5.004955e-02 1.000000e+00 9.999991e-01]
bolt_no_cheat_non_zero_f1
[1. 1. 1. 1. 1. 1. 1. 1. 1. 1. 1. 1. 1. 1. 1. 1. 1. 1. 1. 1.]
bayesr_default
[0.00112598 1.         1.         1.         0.9391907  1.
 0.00242694 0.9999816  0.9982073  0.1380286  1.         0.4982824
 0.00214176 0.7476159  0.999076   1.         1.         0.09973688
 1.         0.9999989 ]
susie_cheat_casusal
[1.13695900e-06 1.00000000e+00 1.00000000e+00 3.16627682e-01
 9.52527654e-01 9.99976633e-01 1.08413100e-03 6.22550810e-01
 9.97669300e-01 0.00000000e+00 1.00000000e+00 6.64095835e-01
 9.60086472e-01 9.58678082e-01 9.99535490e-01 9.99978071e-01
 1.00000000e+00 1.07565821e-01 1.00000000e+00 9.99836849e-01]
bolt_cheat_he
[2.837850e-04 1.000000e+00 1.000000e+00 9.459623e-05 8.047583e-01
 1.000000e+00 1.924434e-04 9.998773e-01 9.941079e-01 5.176634e-03
 1.000000e+00 4.734296e-01 1.248475e-03 9.119544e-01 9.955163e-01
 1.000000e+00 1.000000e+00 5.004955e-02 1.000000e+00 9.999991e-01]
