PLINK v1.90b7.2 64-bit (11 Dec 2023)
Options in effect:
  --bfile /faststorage/project/dsmwpred/data/ukbb/geno
  --extract chucks_1_marker_her_0.02_ind50000/genome_regions_map/genome_sample_112
  --keep rand50000.fam
  --make-bed
  --out chucks_1_marker_her_0.02_ind50000/genome_regions/genome_sample_112
  --range

Hostname: fe-open-02
Working directory: /faststorage/project/dsmwpred/patrick/Patrick_Aarhus/Aarhus-Visit/fine_mapping_simulation
Start time: Thu Apr 25 19:53:06 2024

Note: --range flag deprecated.  Use e.g. "--extract range <filename>".
Random number seed: 1714067586
515426 MB RAM detected; reserving 257713 MB for main workspace.
628694 variants loaded from .bim file.
392214 people (180120 males, 212094 females) loaded from .fam.
--extract range: 628311 variants excluded.
--extract range: 383 variants remaining.
--keep: 50000 people remaining.
Using 1 thread (no multithreaded calculations invoked).
Before main variant filters, 50000 founders and 0 nonfounders present.
Calculating allele frequencies... done.
Total genotyping rate in remaining samples is 0.998858.
383 variants and 50000 people pass filters and QC.
Note: No phenotypes present.
--make-bed to
chucks_1_marker_her_0.02_ind50000/genome_regions/genome_sample_112.bed +
chucks_1_marker_her_0.02_ind50000/genome_regions/genome_sample_112.bim +
chucks_1_marker_her_0.02_ind50000/genome_regions/genome_sample_112.fam ...
done.

End time: Thu Apr 25 19:53:07 2024
